{"/Users/mac4rpalmer/WebstormProjects/oncue-dashboard/test.js":{"path":"/Users/mac4rpalmer/WebstormProjects/oncue-dashboard/test.js","s":{"1":1,"2":1,"3":1,"4":1,"5":0},"b":{},"f":{"1":0},"fnMap":{"1":{"name":"(anonymous_1)","line":11,"loc":{"start":{"line":11,"column":9},"end":{"line":11,"column":21}}}},"statementMap":{"1":{"start":{"line":6,"column":0},"end":{"line":6,"column":8}},"2":{"start":{"line":8,"column":0},"end":{"line":8,"column":27}},"3":{"start":{"line":9,"column":0},"end":{"line":9,"column":52}},"4":{"start":{"line":11,"column":0},"end":{"line":13,"column":3}},"5":{"start":{"line":12,"column":2},"end":{"line":12,"column":45}}},"branchMap":{}},"/Users/mac4rpalmer/WebstormProjects/oncue-dashboard/config/lib/app.js":{"path":"/Users/mac4rpalmer/WebstormProjects/oncue-dashboard/config/lib/app.js","s":{"1":1,"2":1,"3":1,"4":0,"5":0,"6":1,"7":1,"8":0,"9":1,"10":1,"11":0,"12":0,"13":0,"14":1,"15":0,"16":0,"17":0,"18":0,"19":0,"20":0,"21":0,"22":0,"23":0,"24":0,"25":0,"26":0,"27":0,"28":0,"29":0,"30":0},"b":{"1":[0,1],"2":[1,1],"3":[0,0],"4":[0,0],"5":[0,0],"6":[0,0]},"f":{"1":1,"2":0,"3":1,"4":0,"5":0,"6":0,"7":0},"fnMap":{"1":{"name":"seedDB","line":12,"loc":{"start":{"line":12,"column":0},"end":{"line":12,"column":18}}},"2":{"name":"loadModels","line":22,"loc":{"start":{"line":22,"column":28},"end":{"line":22,"column":50}}},"3":{"name":"init","line":26,"loc":{"start":{"line":26,"column":22},"end":{"line":26,"column":46}}},"4":{"name":"(anonymous_4)","line":27,"loc":{"start":{"line":27,"column":19},"end":{"line":27,"column":33}}},"5":{"name":"start","line":35,"loc":{"start":{"line":35,"column":23},"end":{"line":35,"column":48}}},"6":{"name":"(anonymous_6)","line":38,"loc":{"start":{"line":38,"column":13},"end":{"line":38,"column":40}}},"7":{"name":"(anonymous_7)","line":41,"loc":{"start":{"line":41,"column":28},"end":{"line":41,"column":40}}}},"statementMap":{"1":{"start":{"line":6,"column":0},"end":{"line":10,"column":27}},"2":{"start":{"line":12,"column":0},"end":{"line":17,"column":1}},"3":{"start":{"line":13,"column":2},"end":{"line":16,"column":3}},"4":{"start":{"line":14,"column":4},"end":{"line":14,"column":75}},"5":{"start":{"line":15,"column":4},"end":{"line":15,"column":17}},"6":{"start":{"line":20,"column":0},"end":{"line":20,"column":28}},"7":{"start":{"line":22,"column":0},"end":{"line":24,"column":2}},"8":{"start":{"line":23,"column":2},"end":{"line":23,"column":24}},"9":{"start":{"line":26,"column":0},"end":{"line":33,"column":2}},"10":{"start":{"line":27,"column":2},"end":{"line":32,"column":5}},"11":{"start":{"line":29,"column":4},"end":{"line":29,"column":31}},"12":{"start":{"line":30,"column":4},"end":{"line":30,"column":44}},"13":{"start":{"line":30,"column":18},"end":{"line":30,"column":44}},"14":{"start":{"line":35,"column":0},"end":{"line":62,"column":2}},"15":{"start":{"line":36,"column":2},"end":{"line":36,"column":19}},"16":{"start":{"line":38,"column":2},"end":{"line":60,"column":5}},"17":{"start":{"line":41,"column":4},"end":{"line":58,"column":7}},"18":{"start":{"line":44,"column":6},"end":{"line":44,"column":24}},"19":{"start":{"line":45,"column":6},"end":{"line":45,"column":49}},"20":{"start":{"line":46,"column":6},"end":{"line":46,"column":76}},"21":{"start":{"line":47,"column":6},"end":{"line":47,"column":62}},"22":{"start":{"line":48,"column":6},"end":{"line":48,"column":68}},"23":{"start":{"line":49,"column":6},"end":{"line":51,"column":7}},"24":{"start":{"line":50,"column":8},"end":{"line":50,"column":53}},"25":{"start":{"line":52,"column":6},"end":{"line":52,"column":77}},"26":{"start":{"line":53,"column":6},"end":{"line":54,"column":93}},"27":{"start":{"line":54,"column":8},"end":{"line":54,"column":93}},"28":{"start":{"line":55,"column":6},"end":{"line":55,"column":24}},"29":{"start":{"line":57,"column":6},"end":{"line":57,"column":46}},"30":{"start":{"line":57,"column":20},"end":{"line":57,"column":46}}},"branchMap":{"1":{"line":13,"type":"if","locations":[{"start":{"line":13,"column":2},"end":{"line":13,"column":2}},{"start":{"line":13,"column":2},"end":{"line":13,"column":2}}]},"2":{"line":13,"type":"binary-expr","locations":[{"start":{"line":13,"column":6},"end":{"line":13,"column":19}},{"start":{"line":13,"column":23},"end":{"line":13,"column":41}}]},"3":{"line":30,"type":"if","locations":[{"start":{"line":30,"column":4},"end":{"line":30,"column":4}},{"start":{"line":30,"column":4},"end":{"line":30,"column":4}}]},"4":{"line":49,"type":"if","locations":[{"start":{"line":49,"column":6},"end":{"line":49,"column":6}},{"start":{"line":49,"column":6},"end":{"line":49,"column":6}}]},"5":{"line":53,"type":"if","locations":[{"start":{"line":53,"column":6},"end":{"line":53,"column":6}},{"start":{"line":53,"column":6},"end":{"line":53,"column":6}}]},"6":{"line":57,"type":"if","locations":[{"start":{"line":57,"column":6},"end":{"line":57,"column":6}},{"start":{"line":57,"column":6},"end":{"line":57,"column":6}}]}}},"/Users/mac4rpalmer/WebstormProjects/oncue-dashboard/config/config.js":{"path":"/Users/mac4rpalmer/WebstormProjects/oncue-dashboard/config/config.js","s":{"1":1,"2":1,"3":49,"4":49,"5":49,"6":5,"7":38,"8":44,"9":43,"10":0,"11":43,"12":43,"13":37,"14":102,"15":69,"16":69,"17":33,"18":102,"19":43,"20":49,"21":1,"22":1,"23":1,"24":1,"25":0,"26":1,"27":1,"28":1,"29":1,"30":1,"31":1,"32":0,"33":0,"34":0,"35":0,"36":0,"37":0,"38":0,"39":1,"40":1,"41":1,"42":0,"43":0,"44":0,"45":0,"46":0,"47":0,"48":0,"49":0,"50":1,"51":1,"52":1,"53":1,"54":1,"55":1,"56":1,"57":1,"58":1,"59":1,"60":1,"61":1,"62":1,"63":1,"64":1,"65":1,"66":1,"67":1,"68":1,"69":1,"70":1,"71":1,"72":1,"73":1,"74":1,"75":1,"76":1,"77":1,"78":1,"79":1,"80":1,"81":1},"b":{"1":[5,44],"2":[43,1],"3":[0,43],"4":[37,6],"5":[69,33],"6":[1,0],"7":[0,1],"8":[1,0],"9":[1,0],"10":[0,0],"11":[0,0],"12":[1,0],"13":[0,0],"14":[0,0],"15":[1,0],"16":[1,0],"17":[1,0],"18":[1,1,0]},"f":{"1":49,"2":38,"3":102,"4":1,"5":1,"6":1,"7":1,"8":1,"9":1},"fnMap":{"1":{"name":"(anonymous_1)","line":15,"loc":{"start":{"line":15,"column":22},"end":{"line":15,"column":56}}},"2":{"name":"(anonymous_2)","line":24,"loc":{"start":{"line":24,"column":25},"end":{"line":24,"column":48}}},"3":{"name":"(anonymous_3)","line":33,"loc":{"start":{"line":33,"column":26},"end":{"line":33,"column":42}}},"4":{"name":"(anonymous_4)","line":54,"loc":{"start":{"line":54,"column":34},"end":{"line":54,"column":46}}},"5":{"name":"(anonymous_5)","line":72,"loc":{"start":{"line":72,"column":25},"end":{"line":72,"column":43}}},"6":{"name":"(anonymous_6)","line":92,"loc":{"start":{"line":92,"column":28},"end":{"line":92,"column":55}}},"7":{"name":"(anonymous_7)","line":114,"loc":{"start":{"line":114,"column":30},"end":{"line":114,"column":56}}},"8":{"name":"(anonymous_8)","line":128,"loc":{"start":{"line":128,"column":28},"end":{"line":128,"column":54}}},"9":{"name":"(anonymous_9)","line":163,"loc":{"start":{"line":163,"column":23},"end":{"line":163,"column":35}}}},"statementMap":{"1":{"start":{"line":6,"column":0},"end":{"line":10,"column":25}},"2":{"start":{"line":15,"column":0},"end":{"line":49,"column":2}},"3":{"start":{"line":17,"column":2},"end":{"line":17,"column":54}},"4":{"start":{"line":20,"column":2},"end":{"line":20,"column":18}},"5":{"start":{"line":23,"column":2},"end":{"line":46,"column":3}},"6":{"start":{"line":24,"column":4},"end":{"line":26,"column":7}},"7":{"start":{"line":25,"column":6},"end":{"line":25,"column":71}},"8":{"start":{"line":27,"column":9},"end":{"line":46,"column":3}},"9":{"start":{"line":28,"column":4},"end":{"line":45,"column":5}},"10":{"start":{"line":29,"column":6},"end":{"line":29,"column":32}},"11":{"start":{"line":31,"column":6},"end":{"line":31,"column":42}},"12":{"start":{"line":32,"column":6},"end":{"line":43,"column":7}},"13":{"start":{"line":33,"column":8},"end":{"line":42,"column":11}},"14":{"start":{"line":34,"column":10},"end":{"line":40,"column":11}},"15":{"start":{"line":35,"column":12},"end":{"line":37,"column":13}},"16":{"start":{"line":36,"column":14},"end":{"line":36,"column":51}},"17":{"start":{"line":39,"column":12},"end":{"line":39,"column":46}},"18":{"start":{"line":41,"column":10},"end":{"line":41,"column":22}},"19":{"start":{"line":44,"column":6},"end":{"line":44,"column":38}},"20":{"start":{"line":48,"column":2},"end":{"line":48,"column":16}},"21":{"start":{"line":54,"column":0},"end":{"line":66,"column":2}},"22":{"start":{"line":55,"column":2},"end":{"line":55,"column":83}},"23":{"start":{"line":56,"column":2},"end":{"line":63,"column":3}},"24":{"start":{"line":57,"column":4},"end":{"line":61,"column":5}},"25":{"start":{"line":58,"column":6},"end":{"line":58,"column":144}},"26":{"start":{"line":60,"column":6},"end":{"line":60,"column":106}},"27":{"start":{"line":62,"column":4},"end":{"line":62,"column":41}},"28":{"start":{"line":65,"column":2},"end":{"line":65,"column":31}},"29":{"start":{"line":72,"column":0},"end":{"line":87,"column":2}},"30":{"start":{"line":74,"column":2},"end":{"line":76,"column":3}},"31":{"start":{"line":75,"column":4},"end":{"line":75,"column":16}},"32":{"start":{"line":78,"column":2},"end":{"line":78,"column":73}},"33":{"start":{"line":79,"column":2},"end":{"line":79,"column":75}},"34":{"start":{"line":81,"column":2},"end":{"line":86,"column":3}},"35":{"start":{"line":82,"column":4},"end":{"line":82,"column":109}},"36":{"start":{"line":83,"column":4},"end":{"line":83,"column":125}},"37":{"start":{"line":84,"column":4},"end":{"line":84,"column":18}},"38":{"start":{"line":85,"column":4},"end":{"line":85,"column":30}},"39":{"start":{"line":92,"column":0},"end":{"line":109,"column":2}},"40":{"start":{"line":94,"column":2},"end":{"line":96,"column":3}},"41":{"start":{"line":95,"column":4},"end":{"line":95,"column":16}},"42":{"start":{"line":98,"column":2},"end":{"line":108,"column":3}},"43":{"start":{"line":99,"column":4},"end":{"line":104,"column":5}},"44":{"start":{"line":100,"column":6},"end":{"line":100,"column":136}},"45":{"start":{"line":101,"column":6},"end":{"line":101,"column":121}},"46":{"start":{"line":102,"column":6},"end":{"line":102,"column":86}},"47":{"start":{"line":103,"column":6},"end":{"line":103,"column":20}},"48":{"start":{"line":105,"column":4},"end":{"line":105,"column":17}},"49":{"start":{"line":107,"column":4},"end":{"line":107,"column":16}},"50":{"start":{"line":114,"column":0},"end":{"line":123,"column":2}},"51":{"start":{"line":116,"column":2},"end":{"line":119,"column":4}},"52":{"start":{"line":122,"column":2},"end":{"line":122,"column":136}},"53":{"start":{"line":128,"column":0},"end":{"line":158,"column":2}},"54":{"start":{"line":130,"column":2},"end":{"line":133,"column":4}},"55":{"start":{"line":136,"column":2},"end":{"line":136,"column":69}},"56":{"start":{"line":139,"column":2},"end":{"line":139,"column":69}},"57":{"start":{"line":142,"column":2},"end":{"line":142,"column":70}},"58":{"start":{"line":145,"column":2},"end":{"line":145,"column":71}},"59":{"start":{"line":148,"column":2},"end":{"line":148,"column":73}},"60":{"start":{"line":151,"column":2},"end":{"line":151,"column":131}},"61":{"start":{"line":154,"column":2},"end":{"line":154,"column":134}},"62":{"start":{"line":157,"column":2},"end":{"line":157,"column":67}},"63":{"start":{"line":163,"column":0},"end":{"line":215,"column":2}},"64":{"start":{"line":165,"column":2},"end":{"line":165,"column":32}},"65":{"start":{"line":168,"column":2},"end":{"line":168,"column":81}},"66":{"start":{"line":171,"column":2},"end":{"line":171,"column":106}},"67":{"start":{"line":174,"column":2},"end":{"line":174,"column":57}},"68":{"start":{"line":177,"column":2},"end":{"line":177,"column":78}},"69":{"start":{"line":180,"column":2},"end":{"line":180,"column":103}},"70":{"start":{"line":183,"column":2},"end":{"line":183,"column":57}},"71":{"start":{"line":186,"column":2},"end":{"line":186,"column":52}},"72":{"start":{"line":187,"column":2},"end":{"line":187,"column":22}},"73":{"start":{"line":192,"column":2},"end":{"line":194,"column":3}},"74":{"start":{"line":193,"column":4},"end":{"line":193,"column":161}},"75":{"start":{"line":197,"column":2},"end":{"line":197,"column":40}},"76":{"start":{"line":200,"column":2},"end":{"line":200,"column":42}},"77":{"start":{"line":203,"column":2},"end":{"line":203,"column":29}},"78":{"start":{"line":206,"column":2},"end":{"line":206,"column":32}},"79":{"start":{"line":209,"column":2},"end":{"line":212,"column":4}},"80":{"start":{"line":214,"column":2},"end":{"line":214,"column":16}},"81":{"start":{"line":220,"column":0},"end":{"line":220,"column":36}}},"branchMap":{"1":{"line":23,"type":"if","locations":[{"start":{"line":23,"column":2},"end":{"line":23,"column":2}},{"start":{"line":23,"column":2},"end":{"line":23,"column":2}}]},"2":{"line":27,"type":"if","locations":[{"start":{"line":27,"column":9},"end":{"line":27,"column":9}},{"start":{"line":27,"column":9},"end":{"line":27,"column":9}}]},"3":{"line":28,"type":"if","locations":[{"start":{"line":28,"column":4},"end":{"line":28,"column":4}},{"start":{"line":28,"column":4},"end":{"line":28,"column":4}}]},"4":{"line":32,"type":"if","locations":[{"start":{"line":32,"column":6},"end":{"line":32,"column":6}},{"start":{"line":32,"column":6},"end":{"line":32,"column":6}}]},"5":{"line":34,"type":"if","locations":[{"start":{"line":34,"column":10},"end":{"line":34,"column":10}},{"start":{"line":34,"column":10},"end":{"line":34,"column":10}}]},"6":{"line":56,"type":"if","locations":[{"start":{"line":56,"column":2},"end":{"line":56,"column":2}},{"start":{"line":56,"column":2},"end":{"line":56,"column":2}}]},"7":{"line":57,"type":"if","locations":[{"start":{"line":57,"column":4},"end":{"line":57,"column":4}},{"start":{"line":57,"column":4},"end":{"line":57,"column":4}}]},"8":{"line":74,"type":"if","locations":[{"start":{"line":74,"column":2},"end":{"line":74,"column":2}},{"start":{"line":74,"column":2},"end":{"line":74,"column":2}}]},"9":{"line":74,"type":"binary-expr","locations":[{"start":{"line":74,"column":6},"end":{"line":74,"column":20}},{"start":{"line":74,"column":24},"end":{"line":74,"column":50}}]},"10":{"line":81,"type":"if","locations":[{"start":{"line":81,"column":2},"end":{"line":81,"column":2}},{"start":{"line":81,"column":2},"end":{"line":81,"column":2}}]},"11":{"line":81,"type":"binary-expr","locations":[{"start":{"line":81,"column":6},"end":{"line":81,"column":17}},{"start":{"line":81,"column":21},"end":{"line":81,"column":33}}]},"12":{"line":94,"type":"if","locations":[{"start":{"line":94,"column":2},"end":{"line":94,"column":2}},{"start":{"line":94,"column":2},"end":{"line":94,"column":2}}]},"13":{"line":98,"type":"if","locations":[{"start":{"line":98,"column":2},"end":{"line":98,"column":2}},{"start":{"line":98,"column":2},"end":{"line":98,"column":2}}]},"14":{"line":99,"type":"if","locations":[{"start":{"line":99,"column":4},"end":{"line":99,"column":4}},{"start":{"line":99,"column":4},"end":{"line":99,"column":4}}]},"15":{"line":171,"type":"binary-expr","locations":[{"start":{"line":171,"column":26},"end":{"line":171,"column":99}},{"start":{"line":171,"column":103},"end":{"line":171,"column":105}}]},"16":{"line":180,"type":"binary-expr","locations":[{"start":{"line":180,"column":26},"end":{"line":180,"column":96}},{"start":{"line":180,"column":100},"end":{"line":180,"column":102}}]},"17":{"line":192,"type":"if","locations":[{"start":{"line":192,"column":2},"end":{"line":192,"column":2}},{"start":{"line":192,"column":2},"end":{"line":192,"column":2}}]},"18":{"line":193,"type":"binary-expr","locations":[{"start":{"line":193,"column":30},"end":{"line":193,"column":92}},{"start":{"line":193,"column":96},"end":{"line":193,"column":152}},{"start":{"line":193,"column":157},"end":{"line":193,"column":159}}]}}},"/Users/mac4rpalmer/WebstormProjects/oncue-dashboard/config/assets/default.js":{"path":"/Users/mac4rpalmer/WebstormProjects/oncue-dashboard/config/assets/default.js","s":{"1":1},"b":{},"f":{},"fnMap":{},"statementMap":{"1":{"start":{"line":3,"column":0},"end":{"line":73,"column":2}}},"branchMap":{}},"/Users/mac4rpalmer/WebstormProjects/oncue-dashboard/config/assets/development.js":{"path":"/Users/mac4rpalmer/WebstormProjects/oncue-dashboard/config/assets/development.js","s":{"1":1},"b":{},"f":{},"fnMap":{},"statementMap":{"1":{"start":{"line":3,"column":0},"end":{"line":5,"column":2}}},"branchMap":{}},"/Users/mac4rpalmer/WebstormProjects/oncue-dashboard/config/env/default.js":{"path":"/Users/mac4rpalmer/WebstormProjects/oncue-dashboard/config/env/default.js","s":{"1":1},"b":{"1":[1,1],"2":[1,1],"3":[1,1]},"f":{},"fnMap":{},"statementMap":{"1":{"start":{"line":3,"column":0},"end":{"line":40,"column":2}}},"branchMap":{"1":{"line":8,"type":"binary-expr","locations":[{"start":{"line":8,"column":31},"end":{"line":8,"column":71}},{"start":{"line":8,"column":75},"end":{"line":8,"column":105}}]},"2":{"line":10,"type":"binary-expr","locations":[{"start":{"line":10,"column":8},"end":{"line":10,"column":24}},{"start":{"line":10,"column":28},"end":{"line":10,"column":32}}]},"3":{"line":25,"type":"binary-expr","locations":[{"start":{"line":25,"column":17},"end":{"line":25,"column":43}},{"start":{"line":25,"column":47},"end":{"line":25,"column":53}}]}}},"/Users/mac4rpalmer/WebstormProjects/oncue-dashboard/config/env/development.js":{"path":"/Users/mac4rpalmer/WebstormProjects/oncue-dashboard/config/env/development.js","s":{"1":1,"2":1},"b":{"1":[1,1],"2":[1,1],"3":[1,1],"4":[1,1],"5":[1,1],"6":[1,1],"7":[1,1],"8":[1,1],"9":[1,1],"10":[1,1],"11":[1,1],"12":[1,1],"13":[1,1],"14":[1,1],"15":[1,1],"16":[1,1],"17":[1,1],"18":[0,1],"19":[0,1],"20":[1,1],"21":[1,1],"22":[1,1],"23":[1,1]},"f":{},"fnMap":{},"statementMap":{"1":{"start":{"line":3,"column":0},"end":{"line":3,"column":44}},"2":{"start":{"line":5,"column":0},"end":{"line":103,"column":2}}},"branchMap":{"1":{"line":13,"type":"binary-expr","locations":[{"start":{"line":13,"column":11},"end":{"line":13,"column":36}},{"start":{"line":13,"column":40},"end":{"line":13,"column":45}}]},"2":{"line":38,"type":"binary-expr","locations":[{"start":{"line":38,"column":14},"end":{"line":38,"column":37}},{"start":{"line":38,"column":41},"end":{"line":38,"column":49}}]},"3":{"line":39,"type":"binary-expr","locations":[{"start":{"line":39,"column":18},"end":{"line":39,"column":45}},{"start":{"line":39,"column":49},"end":{"line":39,"column":61}}]},"4":{"line":43,"type":"binary-expr","locations":[{"start":{"line":43,"column":14},"end":{"line":43,"column":37}},{"start":{"line":43,"column":41},"end":{"line":43,"column":55}}]},"5":{"line":44,"type":"binary-expr","locations":[{"start":{"line":44,"column":18},"end":{"line":44,"column":44}},{"start":{"line":44,"column":48},"end":{"line":44,"column":65}}]},"6":{"line":48,"type":"binary-expr","locations":[{"start":{"line":48,"column":14},"end":{"line":48,"column":35}},{"start":{"line":48,"column":39},"end":{"line":48,"column":47}}]},"7":{"line":49,"type":"binary-expr","locations":[{"start":{"line":49,"column":18},"end":{"line":49,"column":43}},{"start":{"line":49,"column":47},"end":{"line":49,"column":59}}]},"8":{"line":53,"type":"binary-expr","locations":[{"start":{"line":53,"column":14},"end":{"line":53,"column":37}},{"start":{"line":53,"column":41},"end":{"line":53,"column":49}}]},"9":{"line":54,"type":"binary-expr","locations":[{"start":{"line":54,"column":18},"end":{"line":54,"column":45}},{"start":{"line":54,"column":49},"end":{"line":54,"column":61}}]},"10":{"line":58,"type":"binary-expr","locations":[{"start":{"line":58,"column":14},"end":{"line":58,"column":35}},{"start":{"line":58,"column":39},"end":{"line":58,"column":47}}]},"11":{"line":59,"type":"binary-expr","locations":[{"start":{"line":59,"column":18},"end":{"line":59,"column":43}},{"start":{"line":59,"column":47},"end":{"line":59,"column":59}}]},"12":{"line":63,"type":"binary-expr","locations":[{"start":{"line":63,"column":14},"end":{"line":63,"column":35}},{"start":{"line":63,"column":39},"end":{"line":63,"column":50}}]},"13":{"line":64,"type":"binary-expr","locations":[{"start":{"line":64,"column":18},"end":{"line":64,"column":43}},{"start":{"line":64,"column":47},"end":{"line":64,"column":62}}]},"14":{"line":69,"type":"binary-expr","locations":[{"start":{"line":69,"column":10},"end":{"line":69,"column":33}},{"start":{"line":69,"column":37},"end":{"line":69,"column":50}}]},"15":{"line":71,"type":"binary-expr","locations":[{"start":{"line":71,"column":15},"end":{"line":71,"column":50}},{"start":{"line":71,"column":54},"end":{"line":71,"column":79}}]},"16":{"line":73,"type":"binary-expr","locations":[{"start":{"line":73,"column":14},"end":{"line":73,"column":41}},{"start":{"line":73,"column":45},"end":{"line":73,"column":62}}]},"17":{"line":74,"type":"binary-expr","locations":[{"start":{"line":74,"column":14},"end":{"line":74,"column":41}},{"start":{"line":74,"column":45},"end":{"line":74,"column":62}}]},"18":{"line":80,"type":"cond-expr","locations":[{"start":{"line":80,"column":46},"end":{"line":80,"column":50}},{"start":{"line":80,"column":53},"end":{"line":80,"column":58}}]},"19":{"line":82,"type":"cond-expr","locations":[{"start":{"line":82,"column":67},"end":{"line":82,"column":72}},{"start":{"line":82,"column":75},"end":{"line":82,"column":79}}]},"20":{"line":84,"type":"binary-expr","locations":[{"start":{"line":84,"column":18},"end":{"line":84,"column":54}},{"start":{"line":84,"column":58},"end":{"line":84,"column":64}}]},"21":{"line":86,"type":"binary-expr","locations":[{"start":{"line":86,"column":15},"end":{"line":86,"column":48}},{"start":{"line":86,"column":52},"end":{"line":86,"column":72}}]},"22":{"line":93,"type":"binary-expr","locations":[{"start":{"line":93,"column":18},"end":{"line":93,"column":55}},{"start":{"line":93,"column":59},"end":{"line":93,"column":66}}]},"23":{"line":95,"type":"binary-expr","locations":[{"start":{"line":95,"column":15},"end":{"line":95,"column":49}},{"start":{"line":95,"column":53},"end":{"line":95,"column":74}}]}}},"/Users/mac4rpalmer/WebstormProjects/oncue-dashboard/config/env/local.js":{"path":"/Users/mac4rpalmer/WebstormProjects/oncue-dashboard/config/env/local.js","s":{},"b":{},"f":{},"fnMap":{},"statementMap":{},"branchMap":{}},"/Users/mac4rpalmer/WebstormProjects/oncue-dashboard/config/lib/mongoose.js":{"path":"/Users/mac4rpalmer/WebstormProjects/oncue-dashboard/config/lib/mongoose.js","s":{"1":1,"2":1,"3":1,"4":1,"5":1,"6":1,"7":1,"8":1,"9":1,"10":0,"11":0,"12":0,"13":0,"14":0,"15":0,"16":1,"17":0,"18":0,"19":0},"b":{"1":[1,0],"2":[0,0],"3":[0,0]},"f":{"1":1,"2":1,"3":1,"4":0,"5":0,"6":0},"fnMap":{"1":{"name":"(anonymous_1)","line":12,"loc":{"start":{"line":12,"column":28},"end":{"line":12,"column":48}}},"2":{"name":"(anonymous_2)","line":14,"loc":{"start":{"line":14,"column":37},"end":{"line":14,"column":58}}},"3":{"name":"(anonymous_3)","line":22,"loc":{"start":{"line":22,"column":25},"end":{"line":22,"column":39}}},"4":{"name":"(anonymous_4)","line":25,"loc":{"start":{"line":25,"column":62},"end":{"line":25,"column":77}}},"5":{"name":"(anonymous_5)","line":41,"loc":{"start":{"line":41,"column":28},"end":{"line":41,"column":42}}},"6":{"name":"(anonymous_6)","line":42,"loc":{"start":{"line":42,"column":22},"end":{"line":42,"column":37}}}},"statementMap":{"1":{"start":{"line":6,"column":0},"end":{"line":9,"column":33}},"2":{"start":{"line":12,"column":0},"end":{"line":19,"column":2}},"3":{"start":{"line":14,"column":2},"end":{"line":16,"column":5}},"4":{"start":{"line":15,"column":4},"end":{"line":15,"column":37}},"5":{"start":{"line":18,"column":2},"end":{"line":18,"column":27}},"6":{"start":{"line":18,"column":16},"end":{"line":18,"column":27}},"7":{"start":{"line":22,"column":0},"end":{"line":39,"column":2}},"8":{"start":{"line":23,"column":2},"end":{"line":23,"column":19}},"9":{"start":{"line":25,"column":2},"end":{"line":38,"column":5}},"10":{"start":{"line":27,"column":4},"end":{"line":37,"column":5}},"11":{"start":{"line":28,"column":6},"end":{"line":28,"column":64}},"12":{"start":{"line":29,"column":6},"end":{"line":29,"column":23}},"13":{"start":{"line":33,"column":6},"end":{"line":33,"column":45}},"14":{"start":{"line":36,"column":6},"end":{"line":36,"column":21}},"15":{"start":{"line":36,"column":14},"end":{"line":36,"column":21}},"16":{"start":{"line":41,"column":0},"end":{"line":46,"column":2}},"17":{"start":{"line":42,"column":2},"end":{"line":45,"column":5}},"18":{"start":{"line":43,"column":4},"end":{"line":43,"column":61}},"19":{"start":{"line":44,"column":4},"end":{"line":44,"column":12}}},"branchMap":{"1":{"line":18,"type":"if","locations":[{"start":{"line":18,"column":2},"end":{"line":18,"column":2}},{"start":{"line":18,"column":2},"end":{"line":18,"column":2}}]},"2":{"line":27,"type":"if","locations":[{"start":{"line":27,"column":4},"end":{"line":27,"column":4}},{"start":{"line":27,"column":4},"end":{"line":27,"column":4}}]},"3":{"line":36,"type":"if","locations":[{"start":{"line":36,"column":6},"end":{"line":36,"column":6}},{"start":{"line":36,"column":6},"end":{"line":36,"column":6}}]}}},"/Users/mac4rpalmer/WebstormProjects/oncue-dashboard/config/lib/express.js":{"path":"/Users/mac4rpalmer/WebstormProjects/oncue-dashboard/config/lib/express.js","s":{"1":1,"2":1,"3":0,"4":0,"5":0,"6":0,"7":0,"8":0,"9":0,"10":0,"11":0,"12":0,"13":0,"14":0,"15":0,"16":0,"17":0,"18":0,"19":1,"20":0,"21":0,"22":0,"23":0,"24":0,"25":0,"26":0,"27":0,"28":0,"29":0,"30":0,"31":0,"32":0,"33":0,"34":0,"35":1,"36":0,"37":0,"38":0,"39":1,"40":0,"41":1,"42":0,"43":0,"44":1,"45":0,"46":0,"47":0,"48":0,"49":0,"50":0,"51":0,"52":1,"53":0,"54":0,"55":0,"56":1,"57":0,"58":0,"59":1,"60":0,"61":0,"62":1,"63":0,"64":0,"65":0,"66":0,"67":0,"68":1,"69":0,"70":0,"71":1,"72":0,"73":0,"74":0,"75":0,"76":0,"77":0,"78":0,"79":0,"80":0,"81":0,"82":0,"83":0,"84":0},"b":{"1":[0,0],"2":[0,0],"3":[0,0],"4":[0,0],"5":[0,0],"6":[0,0]},"f":{"1":0,"2":0,"3":0,"4":0,"5":0,"6":0,"7":0,"8":0,"9":0,"10":0,"11":0,"12":0,"13":0,"14":0,"15":0,"16":0,"17":0,"18":0,"19":0},"fnMap":{"1":{"name":"(anonymous_1)","line":25,"loc":{"start":{"line":25,"column":36},"end":{"line":25,"column":51}}},"2":{"name":"(anonymous_2)","line":42,"loc":{"start":{"line":42,"column":10},"end":{"line":42,"column":36}}},"3":{"name":"(anonymous_3)","line":52,"loc":{"start":{"line":52,"column":32},"end":{"line":52,"column":47}}},"4":{"name":"(anonymous_4)","line":61,"loc":{"start":{"line":61,"column":12},"end":{"line":61,"column":32}}},"5":{"name":"(anonymous_5)","line":96,"loc":{"start":{"line":96,"column":32},"end":{"line":96,"column":47}}},"6":{"name":"(anonymous_6)","line":108,"loc":{"start":{"line":108,"column":29},"end":{"line":108,"column":48}}},"7":{"name":"(anonymous_7)","line":130,"loc":{"start":{"line":130,"column":42},"end":{"line":130,"column":61}}},"8":{"name":"(anonymous_8)","line":131,"loc":{"start":{"line":131,"column":38},"end":{"line":131,"column":60}}},"9":{"name":"(anonymous_9)","line":139,"loc":{"start":{"line":139,"column":35},"end":{"line":139,"column":50}}},"10":{"name":"(anonymous_10)","line":157,"loc":{"start":{"line":157,"column":41},"end":{"line":157,"column":56}}},"11":{"name":"(anonymous_11)","line":162,"loc":{"start":{"line":162,"column":32},"end":{"line":162,"column":54}}},"12":{"name":"(anonymous_12)","line":170,"loc":{"start":{"line":170,"column":43},"end":{"line":170,"column":58}}},"13":{"name":"(anonymous_13)","line":172,"loc":{"start":{"line":172,"column":39},"end":{"line":172,"column":61}}},"14":{"name":"(anonymous_14)","line":180,"loc":{"start":{"line":180,"column":41},"end":{"line":180,"column":56}}},"15":{"name":"(anonymous_15)","line":182,"loc":{"start":{"line":182,"column":37},"end":{"line":182,"column":58}}},"16":{"name":"(anonymous_16)","line":190,"loc":{"start":{"line":190,"column":33},"end":{"line":190,"column":48}}},"17":{"name":"(anonymous_17)","line":191,"loc":{"start":{"line":191,"column":10},"end":{"line":191,"column":41}}},"18":{"name":"(anonymous_18)","line":208,"loc":{"start":{"line":208,"column":35},"end":{"line":208,"column":54}}},"19":{"name":"(anonymous_19)","line":219,"loc":{"start":{"line":219,"column":22},"end":{"line":219,"column":36}}}},"statementMap":{"1":{"start":{"line":6,"column":0},"end":{"line":20,"column":25}},"2":{"start":{"line":25,"column":0},"end":{"line":47,"column":2}},"3":{"start":{"line":27,"column":2},"end":{"line":27,"column":38}},"4":{"start":{"line":28,"column":2},"end":{"line":28,"column":50}},"5":{"start":{"line":29,"column":2},"end":{"line":31,"column":3}},"6":{"start":{"line":30,"column":4},"end":{"line":30,"column":42}},"7":{"start":{"line":32,"column":2},"end":{"line":32,"column":44}},"8":{"start":{"line":33,"column":2},"end":{"line":33,"column":78}},"9":{"start":{"line":34,"column":2},"end":{"line":34,"column":54}},"10":{"start":{"line":35,"column":2},"end":{"line":35,"column":46}},"11":{"start":{"line":36,"column":2},"end":{"line":36,"column":48}},"12":{"start":{"line":37,"column":2},"end":{"line":37,"column":44}},"13":{"start":{"line":38,"column":2},"end":{"line":38,"column":32}},"14":{"start":{"line":39,"column":2},"end":{"line":39,"column":38}},"15":{"start":{"line":42,"column":2},"end":{"line":46,"column":5}},"16":{"start":{"line":43,"column":4},"end":{"line":43,"column":58}},"17":{"start":{"line":44,"column":4},"end":{"line":44,"column":79}},"18":{"start":{"line":45,"column":4},"end":{"line":45,"column":11}},"19":{"start":{"line":52,"column":0},"end":{"line":91,"column":2}},"20":{"start":{"line":54,"column":2},"end":{"line":54,"column":34}},"21":{"start":{"line":57,"column":2},"end":{"line":57,"column":31}},"22":{"start":{"line":60,"column":2},"end":{"line":65,"column":6}},"23":{"start":{"line":62,"column":6},"end":{"line":62,"column":87}},"24":{"start":{"line":68,"column":2},"end":{"line":68,"column":39}},"25":{"start":{"line":71,"column":2},"end":{"line":71,"column":59}},"26":{"start":{"line":74,"column":2},"end":{"line":79,"column":3}},"27":{"start":{"line":76,"column":4},"end":{"line":76,"column":33}},"28":{"start":{"line":77,"column":9},"end":{"line":79,"column":3}},"29":{"start":{"line":78,"column":4},"end":{"line":78,"column":32}},"30":{"start":{"line":82,"column":2},"end":{"line":84,"column":6}},"31":{"start":{"line":85,"column":2},"end":{"line":85,"column":29}},"32":{"start":{"line":86,"column":2},"end":{"line":86,"column":28}},"33":{"start":{"line":89,"column":2},"end":{"line":89,"column":26}},"34":{"start":{"line":90,"column":2},"end":{"line":90,"column":19}},"35":{"start":{"line":96,"column":0},"end":{"line":103,"column":2}},"36":{"start":{"line":98,"column":2},"end":{"line":98,"column":69}},"37":{"start":{"line":101,"column":2},"end":{"line":101,"column":45}},"38":{"start":{"line":102,"column":2},"end":{"line":102,"column":25}},"39":{"start":{"line":108,"column":0},"end":{"line":125,"column":2}},"40":{"start":{"line":110,"column":2},"end":{"line":124,"column":6}},"41":{"start":{"line":130,"column":0},"end":{"line":134,"column":2}},"42":{"start":{"line":131,"column":2},"end":{"line":133,"column":5}},"43":{"start":{"line":132,"column":4},"end":{"line":132,"column":47}},"44":{"start":{"line":139,"column":0},"end":{"line":152,"column":2}},"45":{"start":{"line":141,"column":2},"end":{"line":141,"column":31}},"46":{"start":{"line":142,"column":2},"end":{"line":142,"column":27}},"47":{"start":{"line":143,"column":2},"end":{"line":143,"column":30}},"48":{"start":{"line":144,"column":2},"end":{"line":144,"column":28}},"49":{"start":{"line":145,"column":2},"end":{"line":145,"column":29}},"50":{"start":{"line":146,"column":2},"end":{"line":150,"column":6}},"51":{"start":{"line":151,"column":2},"end":{"line":151,"column":30}},"52":{"start":{"line":157,"column":0},"end":{"line":165,"column":2}},"53":{"start":{"line":159,"column":2},"end":{"line":159,"column":57}},"54":{"start":{"line":162,"column":2},"end":{"line":164,"column":5}},"55":{"start":{"line":163,"column":4},"end":{"line":163,"column":73}},"56":{"start":{"line":170,"column":0},"end":{"line":175,"column":2}},"57":{"start":{"line":172,"column":2},"end":{"line":174,"column":5}},"58":{"start":{"line":173,"column":4},"end":{"line":173,"column":60}},"59":{"start":{"line":180,"column":0},"end":{"line":185,"column":2}},"60":{"start":{"line":182,"column":2},"end":{"line":184,"column":5}},"61":{"start":{"line":183,"column":4},"end":{"line":183,"column":42}},"62":{"start":{"line":190,"column":0},"end":{"line":203,"column":2}},"63":{"start":{"line":191,"column":2},"end":{"line":202,"column":5}},"64":{"start":{"line":193,"column":4},"end":{"line":195,"column":5}},"65":{"start":{"line":194,"column":6},"end":{"line":194,"column":20}},"66":{"start":{"line":198,"column":4},"end":{"line":198,"column":29}},"67":{"start":{"line":201,"column":4},"end":{"line":201,"column":34}},"68":{"start":{"line":208,"column":0},"end":{"line":214,"column":2}},"69":{"start":{"line":210,"column":2},"end":{"line":210,"column":47}},"70":{"start":{"line":213,"column":2},"end":{"line":213,"column":16}},"71":{"start":{"line":219,"column":0},"end":{"line":257,"column":2}},"72":{"start":{"line":221,"column":2},"end":{"line":221,"column":22}},"73":{"start":{"line":224,"column":2},"end":{"line":224,"column":31}},"74":{"start":{"line":227,"column":2},"end":{"line":227,"column":27}},"75":{"start":{"line":230,"column":2},"end":{"line":230,"column":27}},"76":{"start":{"line":233,"column":2},"end":{"line":233,"column":28}},"77":{"start":{"line":236,"column":2},"end":{"line":236,"column":37}},"78":{"start":{"line":239,"column":2},"end":{"line":239,"column":30}},"79":{"start":{"line":242,"column":2},"end":{"line":242,"column":36}},"80":{"start":{"line":245,"column":2},"end":{"line":245,"column":38}},"81":{"start":{"line":248,"column":2},"end":{"line":248,"column":36}},"82":{"start":{"line":251,"column":2},"end":{"line":251,"column":28}},"83":{"start":{"line":254,"column":2},"end":{"line":254,"column":40}},"84":{"start":{"line":256,"column":2},"end":{"line":256,"column":13}}},"branchMap":{"1":{"line":29,"type":"if","locations":[{"start":{"line":29,"column":2},"end":{"line":29,"column":2}},{"start":{"line":29,"column":2},"end":{"line":29,"column":2}}]},"2":{"line":29,"type":"binary-expr","locations":[{"start":{"line":29,"column":6},"end":{"line":29,"column":19}},{"start":{"line":29,"column":23},"end":{"line":29,"column":49}}]},"3":{"line":74,"type":"if","locations":[{"start":{"line":74,"column":2},"end":{"line":74,"column":2}},{"start":{"line":74,"column":2},"end":{"line":74,"column":2}}]},"4":{"line":77,"type":"if","locations":[{"start":{"line":77,"column":9},"end":{"line":77,"column":9}},{"start":{"line":77,"column":9},"end":{"line":77,"column":9}}]},"5":{"line":117,"type":"binary-expr","locations":[{"start":{"line":117,"column":14},"end":{"line":117,"column":41}},{"start":{"line":117,"column":45},"end":{"line":117,"column":62}}]},"6":{"line":193,"type":"if","locations":[{"start":{"line":193,"column":4},"end":{"line":193,"column":4}},{"start":{"line":193,"column":4},"end":{"line":193,"column":4}}]}}},"/Users/mac4rpalmer/WebstormProjects/oncue-dashboard/config/lib/logger.js":{"path":"/Users/mac4rpalmer/WebstormProjects/oncue-dashboard/config/lib/logger.js","s":{"1":1,"2":1,"3":1,"4":1,"5":1,"6":0,"7":0,"8":0,"9":0,"10":0,"11":0,"12":0,"13":0,"14":1,"15":0,"16":0,"17":0,"18":0,"19":0,"20":0,"21":0,"22":0,"23":0,"24":0,"25":0,"26":0,"27":0,"28":0,"29":0,"30":0,"31":0,"32":0,"33":0,"34":0,"35":0},"b":{"1":[0,0],"2":[0,0],"3":[0,0],"4":[0,0],"5":[0,0],"6":[0,0],"7":[0,0],"8":[0,0],"9":[0,0],"10":[0,0],"11":[0,0],"12":[0,0],"13":[0,0],"14":[0,0],"15":[0,0],"16":[0,0]},"f":{"1":0,"2":0},"fnMap":{"1":{"name":"getLogFormat","line":26,"loc":{"start":{"line":26,"column":0},"end":{"line":26,"column":25}}},"2":{"name":"getLogOptions","line":49,"loc":{"start":{"line":49,"column":0},"end":{"line":49,"column":26}}}},"statementMap":{"1":{"start":{"line":3,"column":0},"end":{"line":7,"column":21}},"2":{"start":{"line":10,"column":0},"end":{"line":10,"column":66}},"3":{"start":{"line":13,"column":0},"end":{"line":16,"column":2}},"4":{"start":{"line":19,"column":0},"end":{"line":19,"column":24}},"5":{"start":{"line":26,"column":0},"end":{"line":41,"column":1}},"6":{"start":{"line":27,"column":2},"end":{"line":27,"column":91}},"7":{"start":{"line":30,"column":2},"end":{"line":38,"column":3}},"8":{"start":{"line":31,"column":4},"end":{"line":31,"column":24}},"9":{"start":{"line":33,"column":4},"end":{"line":37,"column":5}},"10":{"start":{"line":34,"column":6},"end":{"line":34,"column":20}},"11":{"start":{"line":35,"column":6},"end":{"line":35,"column":135}},"12":{"start":{"line":36,"column":6},"end":{"line":36,"column":20}},"13":{"start":{"line":40,"column":2},"end":{"line":40,"column":16}},"14":{"start":{"line":49,"column":0},"end":{"line":109,"column":1}},"15":{"start":{"line":50,"column":2},"end":{"line":50,"column":90}},"16":{"start":{"line":53,"column":2},"end":{"line":106,"column":3}},"17":{"start":{"line":55,"column":4},"end":{"line":105,"column":5}},"18":{"start":{"line":58,"column":6},"end":{"line":93,"column":7}},"19":{"start":{"line":60,"column":8},"end":{"line":76,"column":9}},"20":{"start":{"line":63,"column":10},"end":{"line":65,"column":11}},"21":{"start":{"line":64,"column":12},"end":{"line":64,"column":55}},"22":{"start":{"line":67,"column":10},"end":{"line":71,"column":13}},"23":{"start":{"line":75,"column":10},"end":{"line":75,"column":109}},"24":{"start":{"line":81,"column":8},"end":{"line":92,"column":9}},"25":{"start":{"line":84,"column":10},"end":{"line":86,"column":11}},"26":{"start":{"line":85,"column":12},"end":{"line":85,"column":55}},"27":{"start":{"line":88,"column":10},"end":{"line":88,"column":137}},"28":{"start":{"line":91,"column":10},"end":{"line":91,"column":98}},"29":{"start":{"line":97,"column":6},"end":{"line":97,"column":28}},"30":{"start":{"line":99,"column":6},"end":{"line":104,"column":7}},"31":{"start":{"line":100,"column":8},"end":{"line":100,"column":22}},"32":{"start":{"line":101,"column":8},"end":{"line":101,"column":131}},"33":{"start":{"line":102,"column":8},"end":{"line":102,"column":36}},"34":{"start":{"line":103,"column":8},"end":{"line":103,"column":22}},"35":{"start":{"line":108,"column":2},"end":{"line":108,"column":17}}},"branchMap":{"1":{"line":27,"type":"cond-expr","locations":[{"start":{"line":27,"column":49},"end":{"line":27,"column":77}},{"start":{"line":27,"column":80},"end":{"line":27,"column":90}}]},"2":{"line":27,"type":"binary-expr","locations":[{"start":{"line":27,"column":15},"end":{"line":27,"column":25}},{"start":{"line":27,"column":29},"end":{"line":27,"column":46}}]},"3":{"line":30,"type":"if","locations":[{"start":{"line":30,"column":2},"end":{"line":30,"column":2}},{"start":{"line":30,"column":2},"end":{"line":30,"column":2}}]},"4":{"line":33,"type":"if","locations":[{"start":{"line":33,"column":4},"end":{"line":33,"column":4}},{"start":{"line":33,"column":4},"end":{"line":33,"column":4}}]},"5":{"line":50,"type":"cond-expr","locations":[{"start":{"line":50,"column":51},"end":{"line":50,"column":84}},{"start":{"line":50,"column":87},"end":{"line":50,"column":89}}]},"6":{"line":50,"type":"binary-expr","locations":[{"start":{"line":50,"column":16},"end":{"line":50,"column":26}},{"start":{"line":50,"column":30},"end":{"line":50,"column":48}}]},"7":{"line":53,"type":"if","locations":[{"start":{"line":53,"column":2},"end":{"line":53,"column":2}},{"start":{"line":53,"column":2},"end":{"line":53,"column":2}}]},"8":{"line":58,"type":"if","locations":[{"start":{"line":58,"column":6},"end":{"line":58,"column":6}},{"start":{"line":58,"column":6},"end":{"line":58,"column":6}}]},"9":{"line":58,"type":"binary-expr","locations":[{"start":{"line":58,"column":10},"end":{"line":58,"column":47}},{"start":{"line":58,"column":51},"end":{"line":58,"column":85}}]},"10":{"line":60,"type":"if","locations":[{"start":{"line":60,"column":8},"end":{"line":60,"column":8}},{"start":{"line":60,"column":8},"end":{"line":60,"column":8}}]},"11":{"line":60,"type":"binary-expr","locations":[{"start":{"line":60,"column":12},"end":{"line":60,"column":55}},{"start":{"line":60,"column":59},"end":{"line":60,"column":94}}]},"12":{"line":63,"type":"if","locations":[{"start":{"line":63,"column":10},"end":{"line":63,"column":10}},{"start":{"line":63,"column":10},"end":{"line":63,"column":10}}]},"13":{"line":81,"type":"if","locations":[{"start":{"line":81,"column":8},"end":{"line":81,"column":8}},{"start":{"line":81,"column":8},"end":{"line":81,"column":8}}]},"14":{"line":81,"type":"binary-expr","locations":[{"start":{"line":81,"column":12},"end":{"line":81,"column":42}},{"start":{"line":81,"column":46},"end":{"line":81,"column":81}}]},"15":{"line":84,"type":"if","locations":[{"start":{"line":84,"column":10},"end":{"line":84,"column":10}},{"start":{"line":84,"column":10},"end":{"line":84,"column":10}}]},"16":{"line":99,"type":"if","locations":[{"start":{"line":99,"column":6},"end":{"line":99,"column":6}},{"start":{"line":99,"column":6},"end":{"line":99,"column":6}}]}}},"/Users/mac4rpalmer/WebstormProjects/oncue-dashboard/config/lib/seed.js":{"path":"/Users/mac4rpalmer/WebstormProjects/oncue-dashboard/config/lib/seed.js","s":{"1":1,"2":1,"3":1,"4":0,"5":0,"6":0,"7":0,"8":0,"9":0,"10":1,"11":0,"12":0,"13":0,"14":0,"15":0,"16":0,"17":1,"18":0,"19":0,"20":0,"21":0,"22":0,"23":0,"24":0,"25":0,"26":1,"27":0,"28":0,"29":0,"30":0,"31":0,"32":1,"33":0,"34":0,"35":0,"36":0,"37":0,"38":0,"39":0,"40":0,"41":0,"42":0,"43":0,"44":1,"45":0,"46":0,"47":0,"48":0,"49":0,"50":0,"51":1,"52":0,"53":0,"54":0,"55":0,"56":0,"57":0,"58":0,"59":0,"60":0,"61":0,"62":0,"63":0,"64":0,"65":0,"66":0,"67":0},"b":{"1":[0,0],"2":[0,0],"3":[0,0],"4":[0,0],"5":[0,0],"6":[0,0],"7":[0,0],"8":[0,0],"9":[0,0],"10":[0,0],"11":[0,0],"12":[0,0]},"f":{"1":0,"2":0,"3":0,"4":0,"5":0,"6":0,"7":0,"8":0,"9":0,"10":0,"11":0,"12":0,"13":0,"14":0,"15":0,"16":0,"17":0,"18":0,"19":0,"20":0,"21":0,"22":0,"23":0,"24":0,"25":0,"26":0},"fnMap":{"1":{"name":"removeUser","line":12,"loc":{"start":{"line":12,"column":0},"end":{"line":12,"column":27}}},"2":{"name":"(anonymous_2)","line":13,"loc":{"start":{"line":13,"column":21},"end":{"line":13,"column":48}}},"3":{"name":"(anonymous_3)","line":15,"loc":{"start":{"line":15,"column":50},"end":{"line":15,"column":65}}},"4":{"name":"saveUser","line":24,"loc":{"start":{"line":24,"column":0},"end":{"line":24,"column":25}}},"5":{"name":"(anonymous_5)","line":25,"loc":{"start":{"line":25,"column":9},"end":{"line":25,"column":20}}},"6":{"name":"(anonymous_6)","line":26,"loc":{"start":{"line":26,"column":23},"end":{"line":26,"column":50}}},"7":{"name":"(anonymous_7)","line":28,"loc":{"start":{"line":28,"column":16},"end":{"line":28,"column":40}}},"8":{"name":"checkUserNotExists","line":39,"loc":{"start":{"line":39,"column":0},"end":{"line":39,"column":35}}},"9":{"name":"(anonymous_9)","line":40,"loc":{"start":{"line":40,"column":21},"end":{"line":40,"column":48}}},"10":{"name":"(anonymous_10)","line":42,"loc":{"start":{"line":42,"column":43},"end":{"line":42,"column":65}}},"11":{"name":"reportSuccess","line":56,"loc":{"start":{"line":56,"column":0},"end":{"line":56,"column":34}}},"12":{"name":"(anonymous_12)","line":57,"loc":{"start":{"line":57,"column":9},"end":{"line":57,"column":25}}},"13":{"name":"(anonymous_13)","line":58,"loc":{"start":{"line":58,"column":23},"end":{"line":58,"column":50}}},"14":{"name":"seedTheUser","line":68,"loc":{"start":{"line":68,"column":0},"end":{"line":68,"column":28}}},"15":{"name":"(anonymous_15)","line":69,"loc":{"start":{"line":69,"column":9},"end":{"line":69,"column":29}}},"16":{"name":"(anonymous_16)","line":70,"loc":{"start":{"line":70,"column":23},"end":{"line":70,"column":50}}},"17":{"name":"(anonymous_17)","line":80,"loc":{"start":{"line":80,"column":16},"end":{"line":80,"column":28}}},"18":{"name":"(anonymous_18)","line":83,"loc":{"start":{"line":83,"column":17},"end":{"line":83,"column":32}}},"19":{"name":"(anonymous_19)","line":90,"loc":{"start":{"line":90,"column":16},"end":{"line":90,"column":28}}},"20":{"name":"(anonymous_20)","line":93,"loc":{"start":{"line":93,"column":17},"end":{"line":93,"column":32}}},"21":{"name":"reportError","line":102,"loc":{"start":{"line":102,"column":0},"end":{"line":102,"column":30}}},"22":{"name":"(anonymous_22)","line":103,"loc":{"start":{"line":103,"column":9},"end":{"line":103,"column":24}}},"23":{"name":"start","line":113,"loc":{"start":{"line":113,"column":23},"end":{"line":113,"column":47}}},"24":{"name":"(anonymous_24)","line":132,"loc":{"start":{"line":132,"column":21},"end":{"line":132,"column":48}}},"25":{"name":"(anonymous_25)","line":141,"loc":{"start":{"line":141,"column":14},"end":{"line":141,"column":26}}},"26":{"name":"(anonymous_26)","line":152,"loc":{"start":{"line":152,"column":14},"end":{"line":152,"column":26}}}},"statementMap":{"1":{"start":{"line":3,"column":0},"end":{"line":7,"column":29}},"2":{"start":{"line":10,"column":0},"end":{"line":10,"column":21}},"3":{"start":{"line":12,"column":0},"end":{"line":22,"column":1}},"4":{"start":{"line":13,"column":2},"end":{"line":21,"column":5}},"5":{"start":{"line":14,"column":4},"end":{"line":14,"column":38}},"6":{"start":{"line":15,"column":4},"end":{"line":20,"column":7}},"7":{"start":{"line":16,"column":6},"end":{"line":18,"column":7}},"8":{"start":{"line":17,"column":8},"end":{"line":17,"column":69}},"9":{"start":{"line":19,"column":6},"end":{"line":19,"column":16}},"10":{"start":{"line":24,"column":0},"end":{"line":37,"column":1}},"11":{"start":{"line":25,"column":2},"end":{"line":36,"column":4}},"12":{"start":{"line":26,"column":4},"end":{"line":35,"column":7}},"13":{"start":{"line":28,"column":6},"end":{"line":34,"column":9}},"14":{"start":{"line":29,"column":8},"end":{"line":33,"column":9}},"15":{"start":{"line":30,"column":10},"end":{"line":30,"column":68}},"16":{"start":{"line":32,"column":10},"end":{"line":32,"column":27}},"17":{"start":{"line":39,"column":0},"end":{"line":54,"column":1}},"18":{"start":{"line":40,"column":2},"end":{"line":53,"column":5}},"19":{"start":{"line":41,"column":4},"end":{"line":41,"column":38}},"20":{"start":{"line":42,"column":4},"end":{"line":52,"column":7}},"21":{"start":{"line":43,"column":6},"end":{"line":45,"column":7}},"22":{"start":{"line":44,"column":8},"end":{"line":44,"column":75}},"23":{"start":{"line":47,"column":6},"end":{"line":51,"column":7}},"24":{"start":{"line":48,"column":8},"end":{"line":48,"column":18}},"25":{"start":{"line":50,"column":8},"end":{"line":50,"column":90}},"26":{"start":{"line":56,"column":0},"end":{"line":65,"column":1}},"27":{"start":{"line":57,"column":2},"end":{"line":64,"column":4}},"28":{"start":{"line":58,"column":4},"end":{"line":63,"column":7}},"29":{"start":{"line":59,"column":6},"end":{"line":61,"column":7}},"30":{"start":{"line":60,"column":8},"end":{"line":60,"column":129}},"31":{"start":{"line":62,"column":6},"end":{"line":62,"column":16}},"32":{"start":{"line":68,"column":0},"end":{"line":99,"column":1}},"33":{"start":{"line":69,"column":2},"end":{"line":98,"column":4}},"34":{"start":{"line":70,"column":4},"end":{"line":97,"column":7}},"35":{"start":{"line":72,"column":6},"end":{"line":72,"column":40}},"36":{"start":{"line":74,"column":6},"end":{"line":74,"column":31}},"37":{"start":{"line":76,"column":6},"end":{"line":96,"column":7}},"38":{"start":{"line":77,"column":8},"end":{"line":85,"column":13}},"39":{"start":{"line":81,"column":12},"end":{"line":81,"column":22}},"40":{"start":{"line":84,"column":12},"end":{"line":84,"column":24}},"41":{"start":{"line":87,"column":8},"end":{"line":95,"column":13}},"42":{"start":{"line":91,"column":12},"end":{"line":91,"column":22}},"43":{"start":{"line":94,"column":12},"end":{"line":94,"column":24}},"44":{"start":{"line":102,"column":0},"end":{"line":111,"column":1}},"45":{"start":{"line":103,"column":2},"end":{"line":110,"column":4}},"46":{"start":{"line":104,"column":4},"end":{"line":108,"column":5}},"47":{"start":{"line":105,"column":6},"end":{"line":105,"column":20}},"48":{"start":{"line":106,"column":6},"end":{"line":106,"column":51}},"49":{"start":{"line":107,"column":6},"end":{"line":107,"column":20}},"50":{"start":{"line":109,"column":4},"end":{"line":109,"column":16}},"51":{"start":{"line":113,"column":0},"end":{"line":158,"column":2}},"52":{"start":{"line":115,"column":2},"end":{"line":115,"column":53}},"53":{"start":{"line":119,"column":2},"end":{"line":121,"column":3}},"54":{"start":{"line":120,"column":4},"end":{"line":120,"column":48}},"55":{"start":{"line":123,"column":2},"end":{"line":125,"column":3}},"56":{"start":{"line":124,"column":4},"end":{"line":124,"column":44}},"57":{"start":{"line":127,"column":2},"end":{"line":129,"column":3}},"58":{"start":{"line":128,"column":4},"end":{"line":128,"column":46}},"59":{"start":{"line":131,"column":2},"end":{"line":131,"column":36}},"60":{"start":{"line":132,"column":2},"end":{"line":157,"column":5}},"61":{"start":{"line":134,"column":4},"end":{"line":134,"column":55}},"62":{"start":{"line":135,"column":4},"end":{"line":135,"column":53}},"63":{"start":{"line":138,"column":4},"end":{"line":156,"column":5}},"64":{"start":{"line":139,"column":6},"end":{"line":144,"column":36}},"65":{"start":{"line":142,"column":10},"end":{"line":142,"column":20}},"66":{"start":{"line":148,"column":6},"end":{"line":155,"column":36}},"67":{"start":{"line":153,"column":10},"end":{"line":153,"column":20}}},"branchMap":{"1":{"line":16,"type":"if","locations":[{"start":{"line":16,"column":6},"end":{"line":16,"column":6}},{"start":{"line":16,"column":6},"end":{"line":16,"column":6}}]},"2":{"line":29,"type":"if","locations":[{"start":{"line":29,"column":8},"end":{"line":29,"column":8}},{"start":{"line":29,"column":8},"end":{"line":29,"column":8}}]},"3":{"line":43,"type":"if","locations":[{"start":{"line":43,"column":6},"end":{"line":43,"column":6}},{"start":{"line":43,"column":6},"end":{"line":43,"column":6}}]},"4":{"line":47,"type":"if","locations":[{"start":{"line":47,"column":6},"end":{"line":47,"column":6}},{"start":{"line":47,"column":6},"end":{"line":47,"column":6}}]},"5":{"line":59,"type":"if","locations":[{"start":{"line":59,"column":6},"end":{"line":59,"column":6}},{"start":{"line":59,"column":6},"end":{"line":59,"column":6}}]},"6":{"line":76,"type":"if","locations":[{"start":{"line":76,"column":6},"end":{"line":76,"column":6}},{"start":{"line":76,"column":6},"end":{"line":76,"column":6}}]},"7":{"line":76,"type":"binary-expr","locations":[{"start":{"line":76,"column":10},"end":{"line":76,"column":58}},{"start":{"line":76,"column":62},"end":{"line":76,"column":99}}]},"8":{"line":104,"type":"if","locations":[{"start":{"line":104,"column":4},"end":{"line":104,"column":4}},{"start":{"line":104,"column":4},"end":{"line":104,"column":4}}]},"9":{"line":119,"type":"if","locations":[{"start":{"line":119,"column":2},"end":{"line":119,"column":2}},{"start":{"line":119,"column":2},"end":{"line":119,"column":2}}]},"10":{"line":123,"type":"if","locations":[{"start":{"line":123,"column":2},"end":{"line":123,"column":2}},{"start":{"line":123,"column":2},"end":{"line":123,"column":2}}]},"11":{"line":127,"type":"if","locations":[{"start":{"line":127,"column":2},"end":{"line":127,"column":2}},{"start":{"line":127,"column":2},"end":{"line":127,"column":2}}]},"12":{"line":138,"type":"if","locations":[{"start":{"line":138,"column":4},"end":{"line":138,"column":4}},{"start":{"line":138,"column":4},"end":{"line":138,"column":4}}]}}},"/Users/mac4rpalmer/WebstormProjects/oncue-dashboard/modules/users/server/models/user.server.model.js":{"path":"/Users/mac4rpalmer/WebstormProjects/oncue-dashboard/modules/users/server/models/user.server.model.js","s":{"1":1,"2":1,"3":0,"4":1,"5":0,"6":0,"7":1,"8":0,"9":0,"10":0,"11":0,"12":1,"13":0,"14":0,"15":0,"16":0,"17":1,"18":1,"19":0,"20":0,"21":0,"22":0,"23":1,"24":0,"25":1,"26":0,"27":0,"28":0,"29":1,"30":0,"31":1,"32":0,"33":0,"34":0,"35":0,"36":0,"37":0,"38":0,"39":0,"40":1,"41":0,"42":0,"43":0,"44":0,"45":0,"46":0,"47":0,"48":0,"49":0,"50":1},"b":{"1":[0,0,0],"2":[0,0,0],"3":[0,0,0],"4":[0,0],"5":[0,0],"6":[0,0],"7":[0,0],"8":[0,0],"9":[0,0],"10":[0,0],"11":[0,0],"12":[0,0],"13":[0,0],"14":[0,0],"15":[0,0],"16":[0,0]},"f":{"1":0,"2":0,"3":0,"4":0,"5":0,"6":0,"7":0,"8":0,"9":0,"10":0,"11":0,"12":0,"13":0},"fnMap":{"1":{"name":"(anonymous_1)","line":17,"loc":{"start":{"line":17,"column":36},"end":{"line":17,"column":56}}},"2":{"name":"(anonymous_2)","line":24,"loc":{"start":{"line":24,"column":33},"end":{"line":24,"column":50}}},"3":{"name":"(anonymous_3)","line":31,"loc":{"start":{"line":31,"column":40},"end":{"line":31,"column":60}}},"4":{"name":"(anonymous_4)","line":32,"loc":{"start":{"line":32,"column":77},"end":{"line":32,"column":110}}},"5":{"name":"(anonymous_5)","line":40,"loc":{"start":{"line":40,"column":31},"end":{"line":40,"column":51}}},"6":{"name":"(anonymous_6)","line":133,"loc":{"start":{"line":133,"column":23},"end":{"line":133,"column":39}}},"7":{"name":"(anonymous_7)","line":145,"loc":{"start":{"line":145,"column":27},"end":{"line":145,"column":43}}},"8":{"name":"(anonymous_8)","line":160,"loc":{"start":{"line":160,"column":34},"end":{"line":160,"column":54}}},"9":{"name":"(anonymous_9)","line":171,"loc":{"start":{"line":171,"column":34},"end":{"line":171,"column":54}}},"10":{"name":"(anonymous_10)","line":178,"loc":{"start":{"line":178,"column":40},"end":{"line":178,"column":78}}},"11":{"name":"(anonymous_11)","line":184,"loc":{"start":{"line":184,"column":7},"end":{"line":184,"column":28}}},"12":{"name":"(anonymous_12)","line":202,"loc":{"start":{"line":202,"column":46},"end":{"line":202,"column":58}}},"13":{"name":"(anonymous_13)","line":203,"loc":{"start":{"line":203,"column":23},"end":{"line":203,"column":50}}}},"statementMap":{"1":{"start":{"line":6,"column":0},"end":{"line":12,"column":33}},"2":{"start":{"line":17,"column":0},"end":{"line":19,"column":2}},"3":{"start":{"line":18,"column":4},"end":{"line":18,"column":77}},"4":{"start":{"line":24,"column":0},"end":{"line":27,"column":2}},"5":{"start":{"line":25,"column":4},"end":{"line":25,"column":91}},"6":{"start":{"line":26,"column":4},"end":{"line":26,"column":86}},"7":{"start":{"line":31,"column":0},"end":{"line":39,"column":2}},"8":{"start":{"line":32,"column":4},"end":{"line":37,"column":7}},"9":{"start":{"line":33,"column":8},"end":{"line":36,"column":9}},"10":{"start":{"line":34,"column":12},"end":{"line":34,"column":42}},"11":{"start":{"line":35,"column":12},"end":{"line":35,"column":26}},"12":{"start":{"line":40,"column":0},"end":{"line":48,"column":2}},"13":{"start":{"line":41,"column":2},"end":{"line":46,"column":16}},"14":{"start":{"line":42,"column":6},"end":{"line":42,"column":29}},"15":{"start":{"line":43,"column":6},"end":{"line":43,"column":19}},"16":{"start":{"line":46,"column":4},"end":{"line":46,"column":16}},"17":{"start":{"line":52,"column":0},"end":{"line":128,"column":3}},"18":{"start":{"line":133,"column":0},"end":{"line":140,"column":3}},"19":{"start":{"line":134,"column":4},"end":{"line":137,"column":5}},"20":{"start":{"line":135,"column":8},"end":{"line":135,"column":62}},"21":{"start":{"line":136,"column":8},"end":{"line":136,"column":57}},"22":{"start":{"line":139,"column":4},"end":{"line":139,"column":11}},"23":{"start":{"line":145,"column":0},"end":{"line":155,"column":3}},"24":{"start":{"line":154,"column":4},"end":{"line":154,"column":11}},"25":{"start":{"line":160,"column":0},"end":{"line":166,"column":2}},"26":{"start":{"line":161,"column":4},"end":{"line":165,"column":5}},"27":{"start":{"line":162,"column":8},"end":{"line":162,"column":106}},"28":{"start":{"line":164,"column":8},"end":{"line":164,"column":24}},"29":{"start":{"line":171,"column":0},"end":{"line":173,"column":2}},"30":{"start":{"line":172,"column":4},"end":{"line":172,"column":57}},"31":{"start":{"line":178,"column":0},"end":{"line":195,"column":2}},"32":{"start":{"line":179,"column":4},"end":{"line":179,"column":21}},"33":{"start":{"line":180,"column":4},"end":{"line":180,"column":67}},"34":{"start":{"line":182,"column":4},"end":{"line":194,"column":7}},"35":{"start":{"line":185,"column":8},"end":{"line":193,"column":9}},"36":{"start":{"line":186,"column":12},"end":{"line":190,"column":13}},"37":{"start":{"line":187,"column":16},"end":{"line":187,"column":43}},"38":{"start":{"line":189,"column":16},"end":{"line":189,"column":87}},"39":{"start":{"line":192,"column":12},"end":{"line":192,"column":27}},"40":{"start":{"line":202,"column":0},"end":{"line":231,"column":2}},"41":{"start":{"line":203,"column":4},"end":{"line":230,"column":7}},"42":{"start":{"line":204,"column":8},"end":{"line":204,"column":26}},"43":{"start":{"line":205,"column":8},"end":{"line":205,"column":64}},"44":{"start":{"line":209,"column":8},"end":{"line":221,"column":9}},"45":{"start":{"line":211,"column":12},"end":{"line":217,"column":15}},"46":{"start":{"line":220,"column":12},"end":{"line":220,"column":65}},"47":{"start":{"line":224,"column":8},"end":{"line":229,"column":9}},"48":{"start":{"line":225,"column":12},"end":{"line":225,"column":102}},"49":{"start":{"line":228,"column":12},"end":{"line":228,"column":30}},"50":{"start":{"line":233,"column":0},"end":{"line":233,"column":35}}},"branchMap":{"1":{"line":18,"type":"binary-expr","locations":[{"start":{"line":18,"column":13},"end":{"line":18,"column":38}},{"start":{"line":18,"column":42},"end":{"line":18,"column":55}},{"start":{"line":18,"column":60},"end":{"line":18,"column":75}}]},"2":{"line":25,"type":"binary-expr","locations":[{"start":{"line":25,"column":18},"end":{"line":25,"column":43}},{"start":{"line":25,"column":47},"end":{"line":25,"column":60}},{"start":{"line":25,"column":65},"end":{"line":25,"column":89}}]},"3":{"line":26,"type":"binary-expr","locations":[{"start":{"line":26,"column":13},"end":{"line":26,"column":38}},{"start":{"line":26,"column":42},"end":{"line":26,"column":55}},{"start":{"line":26,"column":60},"end":{"line":26,"column":84}}]},"4":{"line":33,"type":"if","locations":[{"start":{"line":33,"column":8},"end":{"line":33,"column":8}},{"start":{"line":33,"column":8},"end":{"line":33,"column":8}}]},"5":{"line":33,"type":"binary-expr","locations":[{"start":{"line":33,"column":12},"end":{"line":33,"column":18}},{"start":{"line":33,"column":22},"end":{"line":33,"column":49}}]},"6":{"line":41,"type":"if","locations":[{"start":{"line":41,"column":2},"end":{"line":41,"column":2}},{"start":{"line":41,"column":2},"end":{"line":41,"column":2}}]},"7":{"line":134,"type":"if","locations":[{"start":{"line":134,"column":4},"end":{"line":134,"column":4}},{"start":{"line":134,"column":4},"end":{"line":134,"column":4}}]},"8":{"line":134,"type":"binary-expr","locations":[{"start":{"line":134,"column":8},"end":{"line":134,"column":21}},{"start":{"line":134,"column":25},"end":{"line":134,"column":52}}]},"9":{"line":161,"type":"if","locations":[{"start":{"line":161,"column":4},"end":{"line":161,"column":4}},{"start":{"line":161,"column":4},"end":{"line":161,"column":4}}]},"10":{"line":161,"type":"binary-expr","locations":[{"start":{"line":161,"column":8},"end":{"line":161,"column":17}},{"start":{"line":161,"column":21},"end":{"line":161,"column":29}}]},"11":{"line":180,"type":"binary-expr","locations":[{"start":{"line":180,"column":53},"end":{"line":180,"column":59}},{"start":{"line":180,"column":63},"end":{"line":180,"column":65}}]},"12":{"line":185,"type":"if","locations":[{"start":{"line":185,"column":8},"end":{"line":185,"column":8}},{"start":{"line":185,"column":8},"end":{"line":185,"column":8}}]},"13":{"line":186,"type":"if","locations":[{"start":{"line":186,"column":12},"end":{"line":186,"column":12}},{"start":{"line":186,"column":12},"end":{"line":186,"column":12}}]},"14":{"line":189,"type":"binary-expr","locations":[{"start":{"line":189,"column":59},"end":{"line":189,"column":65}},{"start":{"line":189,"column":69},"end":{"line":189,"column":70}}]},"15":{"line":209,"type":"binary-expr","locations":[{"start":{"line":209,"column":15},"end":{"line":209,"column":35}},{"start":{"line":209,"column":39},"end":{"line":209,"column":73}}]},"16":{"line":224,"type":"if","locations":[{"start":{"line":224,"column":8},"end":{"line":224,"column":8}},{"start":{"line":224,"column":8},"end":{"line":224,"column":8}}]}}}}