TN:
SF:/Users/mac4rpalmer/WebstormProjects/oncue-dashboard/test.js
FN:11,(anonymous_1)
FNF:1
FNH:0
FNDA:0,(anonymous_1)
DA:6,1
DA:8,1
DA:9,1
DA:11,1
DA:12,0
LF:5
LH:4
BRF:0
BRH:0
end_of_record
TN:
SF:/Users/mac4rpalmer/WebstormProjects/oncue-dashboard/config/lib/app.js
FN:12,seedDB
FN:22,loadModels
FN:26,init
FN:27,(anonymous_4)
FN:35,start
FN:38,(anonymous_6)
FN:41,(anonymous_7)
FNF:7
FNH:2
FNDA:1,seedDB
FNDA:0,loadModels
FNDA:1,init
FNDA:0,(anonymous_4)
FNDA:0,start
FNDA:0,(anonymous_6)
FNDA:0,(anonymous_7)
DA:6,1
DA:12,1
DA:13,1
DA:14,0
DA:15,0
DA:20,1
DA:22,1
DA:23,0
DA:26,1
DA:27,1
DA:29,0
DA:30,0
DA:35,1
DA:36,0
DA:38,0
DA:41,0
DA:44,0
DA:45,0
DA:46,0
DA:47,0
DA:48,0
DA:49,0
DA:50,0
DA:52,0
DA:53,0
DA:54,0
DA:55,0
DA:57,0
LF:28
LH:8
BRDA:13,1,0,0
BRDA:13,1,1,1
BRDA:13,2,0,1
BRDA:13,2,1,1
BRDA:30,3,0,0
BRDA:30,3,1,0
BRDA:49,4,0,0
BRDA:49,4,1,0
BRDA:53,5,0,0
BRDA:53,5,1,0
BRDA:57,6,0,0
BRDA:57,6,1,0
BRF:12
BRH:3
end_of_record
TN:
SF:/Users/mac4rpalmer/WebstormProjects/oncue-dashboard/config/config.js
FN:15,(anonymous_1)
FN:24,(anonymous_2)
FN:33,(anonymous_3)
FN:54,(anonymous_4)
FN:72,(anonymous_5)
FN:92,(anonymous_6)
FN:114,(anonymous_7)
FN:128,(anonymous_8)
FN:163,(anonymous_9)
FNF:9
FNH:9
FNDA:49,(anonymous_1)
FNDA:38,(anonymous_2)
FNDA:102,(anonymous_3)
FNDA:1,(anonymous_4)
FNDA:1,(anonymous_5)
FNDA:1,(anonymous_6)
FNDA:1,(anonymous_7)
FNDA:1,(anonymous_8)
FNDA:1,(anonymous_9)
DA:6,1
DA:15,1
DA:17,49
DA:20,49
DA:23,49
DA:24,5
DA:25,38
DA:27,44
DA:28,43
DA:29,0
DA:31,43
DA:32,43
DA:33,37
DA:34,102
DA:35,69
DA:36,69
DA:39,33
DA:41,102
DA:44,43
DA:48,49
DA:54,1
DA:55,1
DA:56,1
DA:57,1
DA:58,0
DA:60,1
DA:62,1
DA:65,1
DA:72,1
DA:74,1
DA:75,1
DA:78,0
DA:79,0
DA:81,0
DA:82,0
DA:83,0
DA:84,0
DA:85,0
DA:92,1
DA:94,1
DA:95,1
DA:98,0
DA:99,0
DA:100,0
DA:101,0
DA:102,0
DA:103,0
DA:105,0
DA:107,0
DA:114,1
DA:116,1
DA:122,1
DA:128,1
DA:130,1
DA:136,1
DA:139,1
DA:142,1
DA:145,1
DA:148,1
DA:151,1
DA:154,1
DA:157,1
DA:163,1
DA:165,1
DA:168,1
DA:171,1
DA:174,1
DA:177,1
DA:180,1
DA:183,1
DA:186,1
DA:187,1
DA:192,1
DA:193,1
DA:197,1
DA:200,1
DA:203,1
DA:206,1
DA:209,1
DA:214,1
DA:220,1
LF:81
LH:64
BRDA:23,1,0,5
BRDA:23,1,1,44
BRDA:27,2,0,43
BRDA:27,2,1,1
BRDA:28,3,0,0
BRDA:28,3,1,43
BRDA:32,4,0,37
BRDA:32,4,1,6
BRDA:34,5,0,69
BRDA:34,5,1,33
BRDA:56,6,0,1
BRDA:56,6,1,0
BRDA:57,7,0,0
BRDA:57,7,1,1
BRDA:74,8,0,1
BRDA:74,8,1,0
BRDA:74,9,0,1
BRDA:74,9,1,0
BRDA:81,10,0,0
BRDA:81,10,1,0
BRDA:81,11,0,0
BRDA:81,11,1,0
BRDA:94,12,0,1
BRDA:94,12,1,0
BRDA:98,13,0,0
BRDA:98,13,1,0
BRDA:99,14,0,0
BRDA:99,14,1,0
BRDA:171,15,0,1
BRDA:171,15,1,0
BRDA:180,16,0,1
BRDA:180,16,1,0
BRDA:192,17,0,1
BRDA:192,17,1,0
BRDA:193,18,0,1
BRDA:193,18,1,1
BRDA:193,18,2,0
BRF:37
BRH:19
end_of_record
TN:
SF:/Users/mac4rpalmer/WebstormProjects/oncue-dashboard/config/assets/default.js
FNF:0
FNH:0
DA:3,1
LF:1
LH:1
BRF:0
BRH:0
end_of_record
TN:
SF:/Users/mac4rpalmer/WebstormProjects/oncue-dashboard/config/assets/development.js
FNF:0
FNH:0
DA:3,1
LF:1
LH:1
BRF:0
BRH:0
end_of_record
TN:
SF:/Users/mac4rpalmer/WebstormProjects/oncue-dashboard/config/env/default.js
FNF:0
FNH:0
DA:3,1
LF:1
LH:1
BRDA:8,1,0,1
BRDA:8,1,1,1
BRDA:10,2,0,1
BRDA:10,2,1,1
BRDA:25,3,0,1
BRDA:25,3,1,1
BRF:6
BRH:6
end_of_record
TN:
SF:/Users/mac4rpalmer/WebstormProjects/oncue-dashboard/config/env/development.js
FNF:0
FNH:0
DA:3,1
DA:5,1
LF:2
LH:2
BRDA:13,1,0,1
BRDA:13,1,1,1
BRDA:38,2,0,1
BRDA:38,2,1,1
BRDA:39,3,0,1
BRDA:39,3,1,1
BRDA:43,4,0,1
BRDA:43,4,1,1
BRDA:44,5,0,1
BRDA:44,5,1,1
BRDA:48,6,0,1
BRDA:48,6,1,1
BRDA:49,7,0,1
BRDA:49,7,1,1
BRDA:53,8,0,1
BRDA:53,8,1,1
BRDA:54,9,0,1
BRDA:54,9,1,1
BRDA:58,10,0,1
BRDA:58,10,1,1
BRDA:59,11,0,1
BRDA:59,11,1,1
BRDA:63,12,0,1
BRDA:63,12,1,1
BRDA:64,13,0,1
BRDA:64,13,1,1
BRDA:69,14,0,1
BRDA:69,14,1,1
BRDA:71,15,0,1
BRDA:71,15,1,1
BRDA:73,16,0,1
BRDA:73,16,1,1
BRDA:74,17,0,1
BRDA:74,17,1,1
BRDA:80,18,0,0
BRDA:80,18,1,1
BRDA:82,19,0,0
BRDA:82,19,1,1
BRDA:84,20,0,1
BRDA:84,20,1,1
BRDA:86,21,0,1
BRDA:86,21,1,1
BRDA:93,22,0,1
BRDA:93,22,1,1
BRDA:95,23,0,1
BRDA:95,23,1,1
BRF:46
BRH:44
end_of_record
TN:
SF:/Users/mac4rpalmer/WebstormProjects/oncue-dashboard/config/env/local.js
FNF:0
FNH:0
LF:0
LH:0
BRF:0
BRH:0
end_of_record
TN:
SF:/Users/mac4rpalmer/WebstormProjects/oncue-dashboard/config/lib/mongoose.js
FN:12,(anonymous_1)
FN:14,(anonymous_2)
FN:22,(anonymous_3)
FN:25,(anonymous_4)
FN:41,(anonymous_5)
FN:42,(anonymous_6)
FNF:6
FNH:3
FNDA:1,(anonymous_1)
FNDA:1,(anonymous_2)
FNDA:1,(anonymous_3)
FNDA:0,(anonymous_4)
FNDA:0,(anonymous_5)
FNDA:0,(anonymous_6)
DA:6,1
DA:12,1
DA:14,1
DA:15,1
DA:18,1
DA:22,1
DA:23,1
DA:25,1
DA:27,0
DA:28,0
DA:29,0
DA:33,0
DA:36,0
DA:41,1
DA:42,0
DA:43,0
DA:44,0
LF:17
LH:9
BRDA:18,1,0,1
BRDA:18,1,1,0
BRDA:27,2,0,0
BRDA:27,2,1,0
BRDA:36,3,0,0
BRDA:36,3,1,0
BRF:6
BRH:1
end_of_record
TN:
SF:/Users/mac4rpalmer/WebstormProjects/oncue-dashboard/config/lib/express.js
FN:25,(anonymous_1)
FN:42,(anonymous_2)
FN:52,(anonymous_3)
FN:61,(anonymous_4)
FN:96,(anonymous_5)
FN:108,(anonymous_6)
FN:130,(anonymous_7)
FN:131,(anonymous_8)
FN:139,(anonymous_9)
FN:157,(anonymous_10)
FN:162,(anonymous_11)
FN:170,(anonymous_12)
FN:172,(anonymous_13)
FN:180,(anonymous_14)
FN:182,(anonymous_15)
FN:190,(anonymous_16)
FN:191,(anonymous_17)
FN:208,(anonymous_18)
FN:219,(anonymous_19)
FNF:19
FNH:0
FNDA:0,(anonymous_1)
FNDA:0,(anonymous_2)
FNDA:0,(anonymous_3)
FNDA:0,(anonymous_4)
FNDA:0,(anonymous_5)
FNDA:0,(anonymous_6)
FNDA:0,(anonymous_7)
FNDA:0,(anonymous_8)
FNDA:0,(anonymous_9)
FNDA:0,(anonymous_10)
FNDA:0,(anonymous_11)
FNDA:0,(anonymous_12)
FNDA:0,(anonymous_13)
FNDA:0,(anonymous_14)
FNDA:0,(anonymous_15)
FNDA:0,(anonymous_16)
FNDA:0,(anonymous_17)
FNDA:0,(anonymous_18)
FNDA:0,(anonymous_19)
DA:6,1
DA:25,1
DA:27,0
DA:28,0
DA:29,0
DA:30,0
DA:32,0
DA:33,0
DA:34,0
DA:35,0
DA:36,0
DA:37,0
DA:38,0
DA:39,0
DA:42,0
DA:43,0
DA:44,0
DA:45,0
DA:52,1
DA:54,0
DA:57,0
DA:60,0
DA:62,0
DA:68,0
DA:71,0
DA:74,0
DA:76,0
DA:77,0
DA:78,0
DA:82,0
DA:85,0
DA:86,0
DA:89,0
DA:90,0
DA:96,1
DA:98,0
DA:101,0
DA:102,0
DA:108,1
DA:110,0
DA:130,1
DA:131,0
DA:132,0
DA:139,1
DA:141,0
DA:142,0
DA:143,0
DA:144,0
DA:145,0
DA:146,0
DA:151,0
DA:157,1
DA:159,0
DA:162,0
DA:163,0
DA:170,1
DA:172,0
DA:173,0
DA:180,1
DA:182,0
DA:183,0
DA:190,1
DA:191,0
DA:193,0
DA:194,0
DA:198,0
DA:201,0
DA:208,1
DA:210,0
DA:213,0
DA:219,1
DA:221,0
DA:224,0
DA:227,0
DA:230,0
DA:233,0
DA:236,0
DA:239,0
DA:242,0
DA:245,0
DA:248,0
DA:251,0
DA:254,0
DA:256,0
LF:84
LH:13
BRDA:29,1,0,0
BRDA:29,1,1,0
BRDA:29,2,0,0
BRDA:29,2,1,0
BRDA:74,3,0,0
BRDA:74,3,1,0
BRDA:77,4,0,0
BRDA:77,4,1,0
BRDA:117,5,0,0
BRDA:117,5,1,0
BRDA:193,6,0,0
BRDA:193,6,1,0
BRF:12
BRH:0
end_of_record
TN:
SF:/Users/mac4rpalmer/WebstormProjects/oncue-dashboard/config/lib/logger.js
FN:26,getLogFormat
FN:49,getLogOptions
FNF:2
FNH:0
FNDA:0,getLogFormat
FNDA:0,getLogOptions
DA:3,1
DA:10,1
DA:13,1
DA:19,1
DA:26,1
DA:27,0
DA:30,0
DA:31,0
DA:33,0
DA:34,0
DA:35,0
DA:36,0
DA:40,0
DA:49,1
DA:50,0
DA:53,0
DA:55,0
DA:58,0
DA:60,0
DA:63,0
DA:64,0
DA:67,0
DA:75,0
DA:81,0
DA:84,0
DA:85,0
DA:88,0
DA:91,0
DA:97,0
DA:99,0
DA:100,0
DA:101,0
DA:102,0
DA:103,0
DA:108,0
LF:35
LH:6
BRDA:27,1,0,0
BRDA:27,1,1,0
BRDA:27,2,0,0
BRDA:27,2,1,0
BRDA:30,3,0,0
BRDA:30,3,1,0
BRDA:33,4,0,0
BRDA:33,4,1,0
BRDA:50,5,0,0
BRDA:50,5,1,0
BRDA:50,6,0,0
BRDA:50,6,1,0
BRDA:53,7,0,0
BRDA:53,7,1,0
BRDA:58,8,0,0
BRDA:58,8,1,0
BRDA:58,9,0,0
BRDA:58,9,1,0
BRDA:60,10,0,0
BRDA:60,10,1,0
BRDA:60,11,0,0
BRDA:60,11,1,0
BRDA:63,12,0,0
BRDA:63,12,1,0
BRDA:81,13,0,0
BRDA:81,13,1,0
BRDA:81,14,0,0
BRDA:81,14,1,0
BRDA:84,15,0,0
BRDA:84,15,1,0
BRDA:99,16,0,0
BRDA:99,16,1,0
BRF:32
BRH:0
end_of_record
TN:
SF:/Users/mac4rpalmer/WebstormProjects/oncue-dashboard/config/lib/seed.js
FN:12,removeUser
FN:13,(anonymous_2)
FN:15,(anonymous_3)
FN:24,saveUser
FN:25,(anonymous_5)
FN:26,(anonymous_6)
FN:28,(anonymous_7)
FN:39,checkUserNotExists
FN:40,(anonymous_9)
FN:42,(anonymous_10)
FN:56,reportSuccess
FN:57,(anonymous_12)
FN:58,(anonymous_13)
FN:68,seedTheUser
FN:69,(anonymous_15)
FN:70,(anonymous_16)
FN:80,(anonymous_17)
FN:83,(anonymous_18)
FN:90,(anonymous_19)
FN:93,(anonymous_20)
FN:102,reportError
FN:103,(anonymous_22)
FN:113,start
FN:132,(anonymous_24)
FN:141,(anonymous_25)
FN:152,(anonymous_26)
FNF:26
FNH:0
FNDA:0,removeUser
FNDA:0,(anonymous_2)
FNDA:0,(anonymous_3)
FNDA:0,saveUser
FNDA:0,(anonymous_5)
FNDA:0,(anonymous_6)
FNDA:0,(anonymous_7)
FNDA:0,checkUserNotExists
FNDA:0,(anonymous_9)
FNDA:0,(anonymous_10)
FNDA:0,reportSuccess
FNDA:0,(anonymous_12)
FNDA:0,(anonymous_13)
FNDA:0,seedTheUser
FNDA:0,(anonymous_15)
FNDA:0,(anonymous_16)
FNDA:0,(anonymous_17)
FNDA:0,(anonymous_18)
FNDA:0,(anonymous_19)
FNDA:0,(anonymous_20)
FNDA:0,reportError
FNDA:0,(anonymous_22)
FNDA:0,start
FNDA:0,(anonymous_24)
FNDA:0,(anonymous_25)
FNDA:0,(anonymous_26)
DA:3,1
DA:10,1
DA:12,1
DA:13,0
DA:14,0
DA:15,0
DA:16,0
DA:17,0
DA:19,0
DA:24,1
DA:25,0
DA:26,0
DA:28,0
DA:29,0
DA:30,0
DA:32,0
DA:39,1
DA:40,0
DA:41,0
DA:42,0
DA:43,0
DA:44,0
DA:47,0
DA:48,0
DA:50,0
DA:56,1
DA:57,0
DA:58,0
DA:59,0
DA:60,0
DA:62,0
DA:68,1
DA:69,0
DA:70,0
DA:72,0
DA:74,0
DA:76,0
DA:77,0
DA:81,0
DA:84,0
DA:87,0
DA:91,0
DA:94,0
DA:102,1
DA:103,0
DA:104,0
DA:105,0
DA:106,0
DA:107,0
DA:109,0
DA:113,1
DA:115,0
DA:119,0
DA:120,0
DA:123,0
DA:124,0
DA:127,0
DA:128,0
DA:131,0
DA:132,0
DA:134,0
DA:135,0
DA:138,0
DA:139,0
DA:142,0
DA:148,0
DA:153,0
LF:67
LH:9
BRDA:16,1,0,0
BRDA:16,1,1,0
BRDA:29,2,0,0
BRDA:29,2,1,0
BRDA:43,3,0,0
BRDA:43,3,1,0
BRDA:47,4,0,0
BRDA:47,4,1,0
BRDA:59,5,0,0
BRDA:59,5,1,0
BRDA:76,6,0,0
BRDA:76,6,1,0
BRDA:76,7,0,0
BRDA:76,7,1,0
BRDA:104,8,0,0
BRDA:104,8,1,0
BRDA:119,9,0,0
BRDA:119,9,1,0
BRDA:123,10,0,0
BRDA:123,10,1,0
BRDA:127,11,0,0
BRDA:127,11,1,0
BRDA:138,12,0,0
BRDA:138,12,1,0
BRF:24
BRH:0
end_of_record
TN:
SF:/Users/mac4rpalmer/WebstormProjects/oncue-dashboard/modules/users/server/models/user.server.model.js
FN:17,(anonymous_1)
FN:24,(anonymous_2)
FN:31,(anonymous_3)
FN:32,(anonymous_4)
FN:40,(anonymous_5)
FN:133,(anonymous_6)
FN:145,(anonymous_7)
FN:160,(anonymous_8)
FN:171,(anonymous_9)
FN:178,(anonymous_10)
FN:184,(anonymous_11)
FN:202,(anonymous_12)
FN:203,(anonymous_13)
FNF:13
FNH:0
FNDA:0,(anonymous_1)
FNDA:0,(anonymous_2)
FNDA:0,(anonymous_3)
FNDA:0,(anonymous_4)
FNDA:0,(anonymous_5)
FNDA:0,(anonymous_6)
FNDA:0,(anonymous_7)
FNDA:0,(anonymous_8)
FNDA:0,(anonymous_9)
FNDA:0,(anonymous_10)
FNDA:0,(anonymous_11)
FNDA:0,(anonymous_12)
FNDA:0,(anonymous_13)
DA:6,1
DA:17,1
DA:18,0
DA:24,1
DA:25,0
DA:26,0
DA:31,1
DA:32,0
DA:33,0
DA:34,0
DA:35,0
DA:40,1
DA:41,0
DA:42,0
DA:43,0
DA:46,0
DA:52,1
DA:133,1
DA:134,0
DA:135,0
DA:136,0
DA:139,0
DA:145,1
DA:154,0
DA:160,1
DA:161,0
DA:162,0
DA:164,0
DA:171,1
DA:172,0
DA:178,1
DA:179,0
DA:180,0
DA:182,0
DA:185,0
DA:186,0
DA:187,0
DA:189,0
DA:192,0
DA:202,1
DA:203,0
DA:204,0
DA:205,0
DA:209,0
DA:211,0
DA:220,0
DA:224,0
DA:225,0
DA:228,0
DA:233,1
LF:50
LH:13
BRDA:18,1,0,0
BRDA:18,1,1,0
BRDA:18,1,2,0
BRDA:25,2,0,0
BRDA:25,2,1,0
BRDA:25,2,2,0
BRDA:26,3,0,0
BRDA:26,3,1,0
BRDA:26,3,2,0
BRDA:33,4,0,0
BRDA:33,4,1,0
BRDA:33,5,0,0
BRDA:33,5,1,0
BRDA:41,6,0,0
BRDA:41,6,1,0
BRDA:134,7,0,0
BRDA:134,7,1,0
BRDA:134,8,0,0
BRDA:134,8,1,0
BRDA:161,9,0,0
BRDA:161,9,1,0
BRDA:161,10,0,0
BRDA:161,10,1,0
BRDA:180,11,0,0
BRDA:180,11,1,0
BRDA:185,12,0,0
BRDA:185,12,1,0
BRDA:186,13,0,0
BRDA:186,13,1,0
BRDA:189,14,0,0
BRDA:189,14,1,0
BRDA:209,15,0,0
BRDA:209,15,1,0
BRDA:224,16,0,0
BRDA:224,16,1,0
BRF:35
BRH:0
end_of_record
